This is pdfTeX, Version 3.141592653-2.6-1.40.26 (TeX Live 2024/nixos.org) (preloaded format=pdflatex 1980.1.1)  6 APR 2025 14:11
entering extended mode
 restricted \write18 enabled.
 file:line:error style messages enabled.
 %&-line parsing enabled.
**Research_Proposal.tex
(./Research_Proposal.tex
LaTeX2e <2024-11-01> patch level 2
L3 programming layer <2025-01-18>
(/nix/store/mslxirhh7wzsf4arm841ml14pw22ph5w-texlive-combined-medium-2024-final-texmfdist/tex/latex/base/article.cls
Document Class: article 2024/06/29 v1.4n Standard LaTeX document class
(/nix/store/mslxirhh7wzsf4arm841ml14pw22ph5w-texlive-combined-medium-2024-final-texmfdist/tex/latex/base/size11.clo
File: size11.clo 2024/06/29 v1.4n Standard LaTeX file (size option)
)
\c@part=\count196
\c@section=\count197
\c@subsection=\count198
\c@subsubsection=\count199
\c@paragraph=\count266
\c@subparagraph=\count267
\c@figure=\count268
\c@table=\count269
\abovecaptionskip=\skip49
\belowcaptionskip=\skip50
\bibindent=\dimen141
) (/nix/store/mslxirhh7wzsf4arm841ml14pw22ph5w-texlive-combined-medium-2024-final-texmfdist/tex/generic/babel/babel.sty
Package: babel 2025/02/14 v25.4 The multilingual framework for pdfLaTeX, LuaLaTeX and XeLaTeX
\babel@savecnt=\count270
\U@D=\dimen142
\l@unhyphenated=\language51
 (/nix/store/mslxirhh7wzsf4arm841ml14pw22ph5w-texlive-combined-medium-2024-final-texmfdist/tex/generic/babel/txtbabel.def)
\bbl@readstream=\read2
\bbl@dirlevel=\count271
 (/nix/store/mslxirhh7wzsf4arm841ml14pw22ph5w-texlive-combined-medium-2024-final-texmfdist/tex/generic/babel-english/english.ldf
Language: english 2017/06/06 v3.3r English support from the babel system
Package babel Info: Hyphen rules for 'canadian' set to \l@english
(babel)             (\language0). Reported on input line 102.
Package babel Info: Hyphen rules for 'australian' set to \l@ukenglish
(babel)             (\language14). Reported on input line 105.
Package babel Info: Hyphen rules for 'newzealand' set to \l@ukenglish
(babel)             (\language14). Reported on input line 108.
)) (/nix/store/mslxirhh7wzsf4arm841ml14pw22ph5w-texlive-combined-medium-2024-final-texmfdist/tex/generic/babel/locale/en/babel-english.tex
Package babel Info: Importing font and identification data for english
(babel)             from babel-en.ini. Reported on input line 11.
) (/nix/store/mslxirhh7wzsf4arm841ml14pw22ph5w-texlive-combined-medium-2024-final-texmfdist/tex/latex/mathtools/mathtools.sty
Package: mathtools 2024/10/04 v1.31 mathematical typesetting tools
 (/nix/store/mslxirhh7wzsf4arm841ml14pw22ph5w-texlive-combined-medium-2024-final-texmfdist/tex/latex/graphics/keyval.sty
Package: keyval 2022/05/29 v1.15 key=value parser (DPC)
\KV@toks@=\toks17
) (/nix/store/mslxirhh7wzsf4arm841ml14pw22ph5w-texlive-combined-medium-2024-final-texmfdist/tex/latex/tools/calc.sty
Package: calc 2023/07/08 v4.3 Infix arithmetic (KKT,FJ)
\calc@Acount=\count272
\calc@Bcount=\count273
\calc@Adimen=\dimen143
\calc@Bdimen=\dimen144
\calc@Askip=\skip51
\calc@Bskip=\skip52
LaTeX Info: Redefining \setlength on input line 80.
LaTeX Info: Redefining \addtolength on input line 81.
\calc@Ccount=\count274
\calc@Cskip=\skip53
) (/nix/store/mslxirhh7wzsf4arm841ml14pw22ph5w-texlive-combined-medium-2024-final-texmfdist/tex/latex/mathtools/mhsetup.sty
Package: mhsetup 2021/03/18 v1.4 programming setup (MH)
) (/nix/store/mslxirhh7wzsf4arm841ml14pw22ph5w-texlive-combined-medium-2024-final-texmfdist/tex/latex/amsmath/amsmath.sty
Package: amsmath 2024/11/05 v2.17t AMS math features
\@mathmargin=\skip54

For additional information on amsmath, use the `?' option.
(/nix/store/mslxirhh7wzsf4arm841ml14pw22ph5w-texlive-combined-medium-2024-final-texmfdist/tex/latex/amsmath/amstext.sty
Package: amstext 2021/08/26 v2.01 AMS text
 (/nix/store/mslxirhh7wzsf4arm841ml14pw22ph5w-texlive-combined-medium-2024-final-texmfdist/tex/latex/amsmath/amsgen.sty
File: amsgen.sty 1999/11/30 v2.0 generic functions
\@emptytoks=\toks18
\ex@=\dimen145
)) (/nix/store/mslxirhh7wzsf4arm841ml14pw22ph5w-texlive-combined-medium-2024-final-texmfdist/tex/latex/amsmath/amsbsy.sty
Package: amsbsy 1999/11/29 v1.2d Bold Symbols
\pmbraise@=\dimen146
) (/nix/store/mslxirhh7wzsf4arm841ml14pw22ph5w-texlive-combined-medium-2024-final-texmfdist/tex/latex/amsmath/amsopn.sty
Package: amsopn 2022/04/08 v2.04 operator names
)
\inf@bad=\count275
LaTeX Info: Redefining \frac on input line 233.
\uproot@=\count276
\leftroot@=\count277
LaTeX Info: Redefining \overline on input line 398.
LaTeX Info: Redefining \colon on input line 409.
\classnum@=\count278
\DOTSCASE@=\count279
LaTeX Info: Redefining \ldots on input line 495.
LaTeX Info: Redefining \dots on input line 498.
LaTeX Info: Redefining \cdots on input line 619.
\Mathstrutbox@=\box52
\strutbox@=\box53
LaTeX Info: Redefining \big on input line 721.
LaTeX Info: Redefining \Big on input line 722.
LaTeX Info: Redefining \bigg on input line 723.
LaTeX Info: Redefining \Bigg on input line 724.
\big@size=\dimen147
LaTeX Font Info:    Redeclaring font encoding OML on input line 742.
LaTeX Font Info:    Redeclaring font encoding OMS on input line 743.
\macc@depth=\count280
LaTeX Info: Redefining \bmod on input line 904.
LaTeX Info: Redefining \pmod on input line 909.
LaTeX Info: Redefining \smash on input line 939.
LaTeX Info: Redefining \relbar on input line 969.
LaTeX Info: Redefining \Relbar on input line 970.
\c@MaxMatrixCols=\count281
\dotsspace@=\muskip17
\c@parentequation=\count282
\dspbrk@lvl=\count283
\tag@help=\toks19
\row@=\count284
\column@=\count285
\maxfields@=\count286
\andhelp@=\toks20
\eqnshift@=\dimen148
\alignsep@=\dimen149
\tagshift@=\dimen150
\tagwidth@=\dimen151
\totwidth@=\dimen152
\lineht@=\dimen153
\@envbody=\toks21
\multlinegap=\skip55
\multlinetaggap=\skip56
\mathdisplay@stack=\toks22
LaTeX Info: Redefining \[ on input line 2953.
LaTeX Info: Redefining \] on input line 2954.
)
\g_MT_multlinerow_int=\count287
\l_MT_multwidth_dim=\dimen154
\origjot=\skip57
\l_MT_shortvdotswithinadjustabove_dim=\dimen155
\l_MT_shortvdotswithinadjustbelow_dim=\dimen156
\l_MT_above_intertext_sep=\dimen157
\l_MT_below_intertext_sep=\dimen158
\l_MT_above_shortintertext_sep=\dimen159
\l_MT_below_shortintertext_sep=\dimen160
\xmathstrut@box=\box54
\xmathstrut@dim=\dimen161
) (/nix/store/mslxirhh7wzsf4arm841ml14pw22ph5w-texlive-combined-medium-2024-final-texmfdist/tex/latex/amscls/amsthm.sty
Package: amsthm 2020/05/29 v2.20.6
\thm@style=\toks23
\thm@bodyfont=\toks24
\thm@headfont=\toks25
\thm@notefont=\toks26
\thm@headpunct=\toks27
\thm@preskip=\skip58
\thm@postskip=\skip59
\thm@headsep=\skip60
\dth@everypar=\toks28
) (/nix/store/mslxirhh7wzsf4arm841ml14pw22ph5w-texlive-combined-medium-2024-final-texmfdist/tex/latex/amsfonts/amssymb.sty
Package: amssymb 2013/01/14 v3.01 AMS font symbols
 (/nix/store/mslxirhh7wzsf4arm841ml14pw22ph5w-texlive-combined-medium-2024-final-texmfdist/tex/latex/amsfonts/amsfonts.sty
Package: amsfonts 2013/01/14 v3.01 Basic AMSFonts support
\symAMSa=\mathgroup4
\symAMSb=\mathgroup5
LaTeX Font Info:    Redeclaring math symbol \hbar on input line 98.
LaTeX Font Info:    Overwriting math alphabet `\mathfrak' in version `bold'
(Font)                  U/euf/m/n --> U/euf/b/n on input line 106.
)) (/nix/store/mslxirhh7wzsf4arm841ml14pw22ph5w-texlive-combined-medium-2024-final-texmfdist/tex/latex/booktabs/booktabs.sty
Package: booktabs 2020/01/12 v1.61803398 Publication quality tables
\heavyrulewidth=\dimen162
\lightrulewidth=\dimen163
\cmidrulewidth=\dimen164
\belowrulesep=\dimen165
\belowbottomsep=\dimen166
\aboverulesep=\dimen167
\abovetopsep=\dimen168
\cmidrulesep=\dimen169
\cmidrulekern=\dimen170
\defaultaddspace=\dimen171
\@cmidla=\count288
\@cmidlb=\count289
\@aboverulesep=\dimen172
\@belowrulesep=\dimen173
\@thisruleclass=\count290
\@lastruleclass=\count291
\@thisrulewidth=\dimen174
) (/nix/store/mslxirhh7wzsf4arm841ml14pw22ph5w-texlive-combined-medium-2024-final-texmfdist/tex/latex/tools/dcolumn.sty
Package: dcolumn 2023/07/08 v1.06 decimal alignment package (DPC)
 (/nix/store/mslxirhh7wzsf4arm841ml14pw22ph5w-texlive-combined-medium-2024-final-texmfdist/tex/latex/tools/array.sty
Package: array 2024/10/17 v2.6g Tabular extension package (FMi)
\col@sep=\dimen175
\ar@mcellbox=\box55
\extrarowheight=\dimen176
\NC@list=\toks29
\extratabsurround=\skip61
\backup@length=\skip62
\ar@cellbox=\box56
)) (/nix/store/mslxirhh7wzsf4arm841ml14pw22ph5w-texlive-combined-medium-2024-final-texmfdist/tex/latex/tools/bm.sty
Package: bm 2023/12/19 v1.2f Bold Symbol Support (DPC/FMi)
\symboldoperators=\mathgroup6
\symboldletters=\mathgroup7
\symboldsymbols=\mathgroup8
Package bm Info: No bold for \OMX/cmex/m/n, using \pmb.
Package bm Info: No bold for \U/msa/m/n, using \pmb.
Package bm Info: No bold for \U/msb/m/n, using \pmb.
LaTeX Font Info:    Redeclaring math alphabet \mathbf on input line 149.
) (/nix/store/mslxirhh7wzsf4arm841ml14pw22ph5w-texlive-combined-medium-2024-final-texmfdist/tex/latex/hyperref/hyperref.sty
Package: hyperref 2024-11-05 v7.01l Hypertext links for LaTeX
 (/nix/store/mslxirhh7wzsf4arm841ml14pw22ph5w-texlive-combined-medium-2024-final-texmfdist/tex/generic/iftex/iftex.sty
Package: iftex 2024/12/12 v1.0g TeX engine tests
) (/nix/store/mslxirhh7wzsf4arm841ml14pw22ph5w-texlive-combined-medium-2024-final-texmfdist/tex/latex/kvsetkeys/kvsetkeys.sty
Package: kvsetkeys 2022-10-05 v1.19 Key value parser (HO)
) (/nix/store/mslxirhh7wzsf4arm841ml14pw22ph5w-texlive-combined-medium-2024-final-texmfdist/tex/generic/kvdefinekeys/kvdefinekeys.sty
Package: kvdefinekeys 2019-12-19 v1.6 Define keys (HO)
) (/nix/store/mslxirhh7wzsf4arm841ml14pw22ph5w-texlive-combined-medium-2024-final-texmfdist/tex/generic/pdfescape/pdfescape.sty
Package: pdfescape 2019/12/09 v1.15 Implements pdfTeX's escape features (HO)

(/nix/store/mslxirhh7wzsf4arm841ml14pw22ph5w-texlive-combined-medium-2024-final-texmfdist/tex/generic/ltxcmds/ltxcmds.sty
Package: ltxcmds 2023-12-04 v1.26 LaTeX kernel commands for general use (HO)
) (/nix/store/mslxirhh7wzsf4arm841ml14pw22ph5w-texlive-combined-medium-2024-final-texmfdist/tex/generic/pdftexcmds/pdftexcmds.sty
Package: pdftexcmds 2020-06-27 v0.33 Utility functions of pdfTeX for LuaTeX (HO)
 (/nix/store/mslxirhh7wzsf4arm841ml14pw22ph5w-texlive-combined-medium-2024-final-texmfdist/tex/generic/infwarerr/infwarerr.sty
Package: infwarerr 2019/12/03 v1.5 Providing info/warning/error messages (HO)
)
Package pdftexcmds Info: \pdf@primitive is available.
Package pdftexcmds Info: \pdf@ifprimitive is available.
Package pdftexcmds Info: \pdfdraftmode found.
)) (/nix/store/mslxirhh7wzsf4arm841ml14pw22ph5w-texlive-combined-medium-2024-final-texmfdist/tex/latex/hycolor/hycolor.sty
Package: hycolor 2020-01-27 v1.10 Color options for hyperref/bookmark (HO)
) (/nix/store/mslxirhh7wzsf4arm841ml14pw22ph5w-texlive-combined-medium-2024-final-texmfdist/tex/latex/hyperref/nameref.sty
Package: nameref 2023-11-26 v2.56 Cross-referencing by name of section
 (/nix/store/mslxirhh7wzsf4arm841ml14pw22ph5w-texlive-combined-medium-2024-final-texmfdist/tex/latex/refcount/refcount.sty
Package: refcount 2019/12/15 v3.6 Data extraction from label references (HO)
) (/nix/store/mslxirhh7wzsf4arm841ml14pw22ph5w-texlive-combined-medium-2024-final-texmfdist/tex/generic/gettitlestring/gettitlestring.sty
Package: gettitlestring 2019/12/15 v1.6 Cleanup title references (HO)
 (/nix/store/mslxirhh7wzsf4arm841ml14pw22ph5w-texlive-combined-medium-2024-final-texmfdist/tex/latex/kvoptions/kvoptions.sty
Package: kvoptions 2022-06-15 v3.15 Key value format for package options (HO)
))
\c@section@level=\count292
) (/nix/store/mslxirhh7wzsf4arm841ml14pw22ph5w-texlive-combined-medium-2024-final-texmfdist/tex/latex/etoolbox/etoolbox.sty
Package: etoolbox 2025/02/11 v2.5l e-TeX tools for LaTeX (JAW)
\etb@tempcnta=\count293
) (/nix/store/mslxirhh7wzsf4arm841ml14pw22ph5w-texlive-combined-medium-2024-final-texmfdist/tex/generic/stringenc/stringenc.sty
Package: stringenc 2019/11/29 v1.12 Convert strings between diff. encodings (HO)
)
\@linkdim=\dimen177
\Hy@linkcounter=\count294
\Hy@pagecounter=\count295
 (/nix/store/mslxirhh7wzsf4arm841ml14pw22ph5w-texlive-combined-medium-2024-final-texmfdist/tex/latex/hyperref/pd1enc.def
File: pd1enc.def 2024-11-05 v7.01l Hyperref: PDFDocEncoding definition (HO)
Now handling font encoding PD1 ...
... no UTF-8 mapping file for font encoding PD1
) (/nix/store/mslxirhh7wzsf4arm841ml14pw22ph5w-texlive-combined-medium-2024-final-texmfdist/tex/generic/intcalc/intcalc.sty
Package: intcalc 2019/12/15 v1.3 Expandable calculations with integers (HO)
)
\Hy@SavedSpaceFactor=\count296
 (/nix/store/mslxirhh7wzsf4arm841ml14pw22ph5w-texlive-combined-medium-2024-final-texmfdist/tex/latex/hyperref/puenc.def
File: puenc.def 2024-11-05 v7.01l Hyperref: PDF Unicode definition (HO)
Now handling font encoding PU ...
... no UTF-8 mapping file for font encoding PU
)
Package hyperref Info: Hyper figures OFF on input line 4157.
Package hyperref Info: Link nesting OFF on input line 4162.
Package hyperref Info: Hyper index ON on input line 4165.
Package hyperref Info: Plain pages OFF on input line 4172.
Package hyperref Info: Backreferencing OFF on input line 4177.
Package hyperref Info: Implicit mode ON; LaTeX internals redefined.
Package hyperref Info: Bookmarks ON on input line 4424.
\c@Hy@tempcnt=\count297
 (/nix/store/mslxirhh7wzsf4arm841ml14pw22ph5w-texlive-combined-medium-2024-final-texmfdist/tex/latex/url/url.sty
\Urlmuskip=\muskip18
Package: url 2013/09/16  ver 3.4  Verb mode for urls, etc.
)
LaTeX Info: Redefining \url on input line 4763.
\XeTeXLinkMargin=\dimen178
 (/nix/store/mslxirhh7wzsf4arm841ml14pw22ph5w-texlive-combined-medium-2024-final-texmfdist/tex/generic/bitset/bitset.sty
Package: bitset 2019/12/09 v1.3 Handle bit-vector datatype (HO)
 (/nix/store/mslxirhh7wzsf4arm841ml14pw22ph5w-texlive-combined-medium-2024-final-texmfdist/tex/generic/bigintcalc/bigintcalc.sty
Package: bigintcalc 2019/12/15 v1.5 Expandable calculations on big integers (HO)
))
\Fld@menulength=\count298
\Field@Width=\dimen179
\Fld@charsize=\dimen180
Package hyperref Info: Hyper figures OFF on input line 6042.
Package hyperref Info: Link nesting OFF on input line 6047.
Package hyperref Info: Hyper index ON on input line 6050.
Package hyperref Info: backreferencing OFF on input line 6057.
Package hyperref Info: Link coloring OFF on input line 6062.
Package hyperref Info: Link coloring with OCG OFF on input line 6067.
Package hyperref Info: PDF/A mode OFF on input line 6072.

(/nix/store/mslxirhh7wzsf4arm841ml14pw22ph5w-texlive-combined-medium-2024-final-texmfdist/tex/latex/base/atbegshi-ltx.sty
Package: atbegshi-ltx 2021/01/10 v1.0c Emulation of the original atbegshi
package with kernel methods
)
\Hy@abspage=\count299
\c@Item=\count300
\c@Hfootnote=\count301
)
Package hyperref Info: Driver (autodetected): hpdftex.
 (/nix/store/mslxirhh7wzsf4arm841ml14pw22ph5w-texlive-combined-medium-2024-final-texmfdist/tex/latex/hyperref/hpdftex.def
File: hpdftex.def 2024-11-05 v7.01l Hyperref driver for pdfTeX
 (/nix/store/mslxirhh7wzsf4arm841ml14pw22ph5w-texlive-combined-medium-2024-final-texmfdist/tex/latex/base/atveryend-ltx.sty
Package: atveryend-ltx 2020/08/19 v1.0a Emulation of the original atveryend package
with kernel methods
)
\Fld@listcount=\count302
\c@bookmark@seq@number=\count303
 (/nix/store/mslxirhh7wzsf4arm841ml14pw22ph5w-texlive-combined-medium-2024-final-texmfdist/tex/latex/rerunfilecheck/rerunfilecheck.sty
Package: rerunfilecheck 2022-07-10 v1.10 Rerun checks for auxiliary files (HO)
 (/nix/store/mslxirhh7wzsf4arm841ml14pw22ph5w-texlive-combined-medium-2024-final-texmfdist/tex/generic/uniquecounter/uniquecounter.sty
Package: uniquecounter 2019/12/15 v1.4 Provide unlimited unique counter (HO)
)
Package uniquecounter Info: New unique counter `rerunfilecheck' on input line 285.
)
\Hy@SectionHShift=\skip63
) (/nix/store/mslxirhh7wzsf4arm841ml14pw22ph5w-texlive-combined-medium-2024-final-texmfdist/tex/latex/marvosym/marvosym.sty
Package: marvosym 2011/07/20 v2.2 Martin Vogel's Symbols font definitions
) (/nix/store/mslxirhh7wzsf4arm841ml14pw22ph5w-texlive-combined-medium-2024-final-texmfdist/tex/latex/eurosym/eurosym.sty
Package: eurosym 1998/08/06 v1.1 European currency symbol ``Euro''
\@eurobox=\box57
) (/nix/store/mslxirhh7wzsf4arm841ml14pw22ph5w-texlive-combined-medium-2024-final-texmfdist/tex/latex/graphics/graphicx.sty
Package: graphicx 2021/09/16 v1.2d Enhanced LaTeX Graphics (DPC,SPQR)
 (/nix/store/mslxirhh7wzsf4arm841ml14pw22ph5w-texlive-combined-medium-2024-final-texmfdist/tex/latex/graphics/graphics.sty
Package: graphics 2024/08/06 v1.4g Standard LaTeX Graphics (DPC,SPQR)
 (/nix/store/mslxirhh7wzsf4arm841ml14pw22ph5w-texlive-combined-medium-2024-final-texmfdist/tex/latex/graphics/trig.sty
Package: trig 2023/12/02 v1.11 sin cos tan (DPC)
) (/nix/store/mslxirhh7wzsf4arm841ml14pw22ph5w-texlive-combined-medium-2024-final-texmfdist/tex/latex/graphics-cfg/graphics.cfg
File: graphics.cfg 2016/06/04 v1.11 sample graphics configuration
)
Package graphics Info: Driver file: pdftex.def on input line 106.
 (/nix/store/mslxirhh7wzsf4arm841ml14pw22ph5w-texlive-combined-medium-2024-final-texmfdist/tex/latex/graphics-def/pdftex.def
File: pdftex.def 2024/04/13 v1.2c Graphics/color driver for pdftex
))
\Gin@req@height=\dimen181
\Gin@req@width=\dimen182
) (/nix/store/mslxirhh7wzsf4arm841ml14pw22ph5w-texlive-combined-medium-2024-final-texmfdist/tex/latex/subfig/subfig.sty
Package: subfig 2005/06/28 ver: 1.3 subfig package
 (/nix/store/mslxirhh7wzsf4arm841ml14pw22ph5w-texlive-combined-medium-2024-final-texmfdist/tex/latex/caption/caption.sty
Package: caption 2023/08/05 v3.6o Customizing captions (AR)
 (/nix/store/mslxirhh7wzsf4arm841ml14pw22ph5w-texlive-combined-medium-2024-final-texmfdist/tex/latex/caption/caption3.sty
Package: caption3 2023/07/31 v2.4d caption3 kernel (AR)
\caption@tempdima=\dimen183
\captionmargin=\dimen184
\caption@leftmargin=\dimen185
\caption@rightmargin=\dimen186
\caption@width=\dimen187
\caption@indent=\dimen188
\caption@parindent=\dimen189
\caption@hangindent=\dimen190
Package caption Info: Standard document class detected.
)
\c@caption@flags=\count304
\c@continuedfloat=\count305
Package caption Info: hyperref package is loaded.
)
\c@KVtest=\count306
\sf@farskip=\skip64
\sf@captopadj=\dimen191
\sf@capskip=\skip65
\sf@nearskip=\skip66
\c@subfigure=\count307
\c@subfigure@save=\count308
\c@lofdepth=\count309
\c@subtable=\count310
\c@subtable@save=\count311
\c@lotdepth=\count312
\sf@top=\skip67
\sf@bottom=\skip68
) (/nix/store/mslxirhh7wzsf4arm841ml14pw22ph5w-texlive-combined-medium-2024-final-texmfdist/tex/latex/tools/tabularx.sty
Package: tabularx 2023/12/11 v2.12a `tabularx' package (DPC)
\TX@col@width=\dimen192
\TX@old@table=\dimen193
\TX@old@col=\dimen194
\TX@target=\dimen195
\TX@delta=\dimen196
\TX@cols=\count313
\TX@ftn=\toks30
)
(/nix/store/mslxirhh7wzsf4arm841ml14pw22ph5w-texlive-combined-medium-2024-final-texmfdist/tex/latex/tools/longtable.sty
Package: longtable 2024-10-27 v4.22 Multi-page Table package (DPC)
\LTleft=\skip69
\LTright=\skip70
\LTpre=\skip71
\LTpost=\skip72
\LTchunksize=\count314
\LTcapwidth=\dimen197
\LT@head=\box58
\LT@firsthead=\box59
\LT@foot=\box60
\LT@lastfoot=\box61
\LT@gbox=\box62
\LT@cols=\count315
\LT@rows=\count316
\c@LT@tables=\count317
\c@LT@chunks=\count318
\LT@p@ftn=\toks31
) (./natbib.sty
Package: natbib 2003/06/06 7.1 (PWD)
\bibhang=\skip73
\bibsep=\skip74
LaTeX Info: Redefining \cite on input line 518.
\c@NAT@ctr=\count319
) (/nix/store/mslxirhh7wzsf4arm841ml14pw22ph5w-texlive-combined-medium-2024-final-texmfdist/tex/latex/l3backend/l3backend-pdftex.def
File: l3backend-pdftex.def 2024-05-08 L3 backend support: PDF output (pdfTeX)
\l__color_backend_stack_int=\count320
\l__pdf_internal_box=\box63
) (./Research_Proposal.aux)
\openout1 = `Research_Proposal.aux'.

LaTeX Font Info:    Checking defaults for OML/cmm/m/it on input line 47.
LaTeX Font Info:    ... okay on input line 47.
LaTeX Font Info:    Checking defaults for OMS/cmsy/m/n on input line 47.
LaTeX Font Info:    ... okay on input line 47.
LaTeX Font Info:    Checking defaults for OT1/cmr/m/n on input line 47.
LaTeX Font Info:    ... okay on input line 47.
LaTeX Font Info:    Checking defaults for T1/cmr/m/n on input line 47.
LaTeX Font Info:    ... okay on input line 47.
LaTeX Font Info:    Checking defaults for TS1/cmr/m/n on input line 47.
LaTeX Font Info:    ... okay on input line 47.
LaTeX Font Info:    Checking defaults for OMX/cmex/m/n on input line 47.
LaTeX Font Info:    ... okay on input line 47.
LaTeX Font Info:    Checking defaults for U/cmr/m/n on input line 47.
LaTeX Font Info:    ... okay on input line 47.
LaTeX Font Info:    Checking defaults for PD1/pdf/m/n on input line 47.
LaTeX Font Info:    ... okay on input line 47.
LaTeX Font Info:    Checking defaults for PU/pdf/m/n on input line 47.
LaTeX Font Info:    ... okay on input line 47.
Package hyperref Info: Link coloring OFF on input line 47.
 (./Research_Proposal.out) (./Research_Proposal.out)
\@outlinefile=\write3
\openout3 = `Research_Proposal.out'.

 (/nix/store/mslxirhh7wzsf4arm841ml14pw22ph5w-texlive-combined-medium-2024-final-texmfdist/tex/context/base/mkii/supp-pdf.mkii
[Loading MPS to PDF converter (version 2006.09.02).]
\scratchcounter=\count321
\scratchdimen=\dimen198
\scratchbox=\box64
\nofMPsegments=\count322
\nofMParguments=\count323
\everyMPshowfont=\toks32
\MPscratchCnt=\count324
\MPscratchDim=\dimen199
\MPnumerator=\count325
\makeMPintoPDFobject=\count326
\everyMPtoPDFconversion=\toks33
) (/nix/store/mslxirhh7wzsf4arm841ml14pw22ph5w-texlive-combined-medium-2024-final-texmfdist/tex/latex/epstopdf-pkg/epstopdf-base.sty
Package: epstopdf-base 2020-01-24 v2.11 Base part for package epstopdf
 (/nix/store/mslxirhh7wzsf4arm841ml14pw22ph5w-texlive-combined-medium-2024-final-texmfdist/tex/latex/grfext/grfext.sty
Package: grfext 2019/12/03 v1.3 Manage graphics extensions (HO)
)
Package epstopdf-base Info: Redefining graphics rule for `.eps' on input line 485.
Package grfext Info: Graphics extension search list:
(grfext)             [.pdf,.png,.jpg,.mps,.jpeg,.jbig2,.jb2,.PDF,.PNG,.JPG,.JPEG,.JBIG2,.JB2,.eps]
(grfext)             \AppendGraphicsExtensions on input line 504.
 (/nix/store/mslxirhh7wzsf4arm841ml14pw22ph5w-texlive-combined-medium-2024-final-texmfdist/tex/latex/latexconfig/epstopdf-sys.cfg
File: epstopdf-sys.cfg 2010/07/13 v1.3 Configuration of (r)epstopdf for TeX Live
))
Package caption Info: Begin \AtBeginDocument code.
Package caption Info: subfig package v1.3 is loaded.
Package caption Info: longtable package is loaded.
 (/nix/store/mslxirhh7wzsf4arm841ml14pw22ph5w-texlive-combined-medium-2024-final-texmfdist/tex/latex/caption/ltcaption.sty
Package: ltcaption 2021/01/08 v1.4c longtable captions (AR)
)
Package caption Info: End \AtBeginDocument code.
LaTeX Font Info:    Trying to load font information for U+msa on input line 49.
 (/nix/store/mslxirhh7wzsf4arm841ml14pw22ph5w-texlive-combined-medium-2024-final-texmfdist/tex/latex/amsfonts/umsa.fd
File: umsa.fd 2013/01/14 v3.01 AMS symbols A
)
LaTeX Font Info:    Trying to load font information for U+msb on input line 49.
 (/nix/store/mslxirhh7wzsf4arm841ml14pw22ph5w-texlive-combined-medium-2024-final-texmfdist/tex/latex/amsfonts/umsb.fd
File: umsb.fd 2013/01/14 v3.01 AMS symbols B
)

[1

{/nix/store/ak6zc4i2f510gkzw5ir4cfsbykd7jhkh-texlive-combined-medium-2024-final/share/texmf-var/fonts/map/pdftex/updmap/pdftex.map}] (./Research_Proposal.bbl

[2{/nix/store/mslxirhh7wzsf4arm841ml14pw22ph5w-texlive-combined-medium-2024-final-texmfdist/fonts/enc/dvips/cm-super/cm-super-ts1.enc}])

[3] (./Research_Proposal.aux)
 ***********
LaTeX2e <2024-11-01> patch level 2
L3 programming layer <2025-01-18>
 ***********
Package rerunfilecheck Info: File `Research_Proposal.out' has not changed.
(rerunfilecheck)             Checksum: 89319E7BA66FE66F3A849B7ABD6344D3;843.
 ) 
Here is how much of TeX's memory you used:
 14051 strings out of 474315
 232451 string characters out of 5718334
 627820 words of memory out of 5000000
 36915 multiletter control sequences out of 15000+600000
 570311 words of font info for 77 fonts, out of 8000000 for 9000
 430 hyphenation exceptions out of 8191
 75i,8n,79p,554b,571s stack positions out of 10000i,1000n,20000p,200000b,200000s
</nix/store/mslxirhh7wzsf4arm841ml14pw22ph5w-texlive-combined-medium-2024-final-texmfdist/fonts/type1/public/amsfonts/cm/cmbx12.pfb></nix/store/mslxirhh7wzsf4arm841ml14pw22ph5w-texlive-combined-medium-2024-final-texmfdist/fonts/type1/public/amsfonts/cm/cmmi10.pfb></nix/store/mslxirhh7wzsf4arm841ml14pw22ph5w-texlive-combined-medium-2024-final-texmfdist/fonts/type1/public/amsfonts/cm/cmr10.pfb></nix/store/mslxirhh7wzsf4arm841ml14pw22ph5w-texlive-combined-medium-2024-final-texmfdist/fonts/type1/public/amsfonts/cm/cmr12.pfb></nix/store/mslxirhh7wzsf4arm841ml14pw22ph5w-texlive-combined-medium-2024-final-texmfdist/fonts/type1/public/amsfonts/cm/cmr17.pfb></nix/store/mslxirhh7wzsf4arm841ml14pw22ph5w-texlive-combined-medium-2024-final-texmfdist/fonts/type1/public/amsfonts/cm/cmr8.pfb></nix/store/mslxirhh7wzsf4arm841ml14pw22ph5w-texlive-combined-medium-2024-final-texmfdist/fonts/type1/public/amsfonts/cm/cmsy10.pfb></nix/store/mslxirhh7wzsf4arm841ml14pw22ph5w-texlive-combined-medium-2024-final-texmfdist/fonts/type1/public/amsfonts/cm/cmti10.pfb></nix/store/mslxirhh7wzsf4arm841ml14pw22ph5w-texlive-combined-medium-2024-final-texmfdist/fonts/type1/public/amsfonts/symbols/msbm10.pfb></nix/store/mslxirhh7wzsf4arm841ml14pw22ph5w-texlive-combined-medium-2024-final-texmfdist/fonts/type1/public/cm-super/sfrm1095.pfb>
Output written on Research_Proposal.pdf (3 pages, 122993 bytes).
PDF statistics:
 132 PDF objects out of 1000 (max. 8388607)
 105 compressed objects within 2 object streams
 23 named destinations out of 1000 (max. 500000)
 65 words of extra memory for PDF output out of 10000 (max. 10000000)

